<?xml version="1.0" encoding="UTF-8"?>
<!-- Generated by org.testng.reporters.JUnitReportReporter -->
<testsuite hostname="CPX-4C2MQN8M486" failures="0" tests="1" name="DateCheck" time="4.846" errors="0" timestamp="2021-09-03T22:38:19 AEST" skipped="0">
  <testcase classname="DateCheck" name="test5" time="4.846"/>
  <system-out/>
</testsuite> <!-- DateCheck -->
