<?xml version="1.0" encoding="UTF-8"?>
<!-- Generated by org.testng.reporters.JUnitReportReporter -->
<testsuite hostname="CPX-4C2MQN8M486" failures="0" tests="1" name="Test1_GET" time="6.066" errors="0" timestamp="2021-08-17T04:53:42 AEST" skipped="0">
  <testcase classname="Test1_GET" name="test4" time="6.066"/>
  <system-out/>
</testsuite> <!-- Test1_GET -->
